<?xml version="1.0" encoding="UTF-8"?>
<beans xmlns:xsi="http://www.w3.org/2001/XMLSchema-instance"
       xmlns:tx="http://www.springframework.org/schema/tx"
       xmlns="http://www.springframework.org/schema/beans"
       xsi:schemaLocation="http://www.springframework.org/schema/tx
        http://www.springframework.org/schema/tx/spring-tx.xsd
        http://www.springframework.org/schema/beans
       http://www.springframework.org/schema/beans/spring-beans.xsd">

    <tx:annotation-driven/>

    <bean id="namedParameterJdbcTemplate" class="org.springframework.jdbc.core.namedparam.NamedParameterJdbcTemplate">
        <constructor-arg name="dataSource" ref="dataSource"/>
    </bean>

    <bean id="studentTestJdbc" class="com.epam.brest.project.dao.StudentTestDtoJdbcDaoImpl">
        <constructor-arg ref="namedParameterJdbcTemplate"/>
    </bean>

    <bean id="subjectDaoJdbcImpl" class="com.epam.brest.project.dao.SubjectDaoJdbcImpl">
        <constructor-arg ref="namedParameterJdbcTemplate"/>
    </bean>

    <bean id="testDaoJdbcImpl" class="com.epam.brest.project.dao.TestDaoJdbcImpl">
        <constructor-arg ref="namedParameterJdbcTemplate"/>
    </bean>

    <bean id="questionDaoJdbcImpl" class="com.epam.brest.project.dao.QuestionDaoJdbcImpl">
        <constructor-arg ref="namedParameterJdbcTemplate"/>
    </bean>

    <bean id="questionItemDaoJdbcImpl" class="com.epam.brest.project.dao.QuestionItemDaoJdbcImpl">
        <constructor-arg ref="namedParameterJdbcTemplate"/>
    </bean>

    <bean id="testDTOServiceImpl" class="com.epam.brest.project.service.TestDtoServiceImpl">
        <constructor-arg ref="testDaoJdbcImpl"/>
        <constructor-arg ref="questionItemDaoJdbcImpl"/>
        <constructor-arg ref="questionDaoJdbcImpl"/>
    </bean>

    <bean id="teacherJdbcDaoImpl" class="com.epam.brest.project.dao.TeacherJdbcDaoImpl">
        <constructor-arg ref="namedParameterJdbcTemplate"/>
    </bean>

    <bean id="studentServiceImpl" class="com.epam.brest.project.service.StudentServiceImpl">
        <constructor-arg ref="studentTestJdbc"/>
    </bean>

    <bean id="subjectServiceImpl" class="com.epam.brest.project.service.SubjectServiceImpl">
        <constructor-arg ref="subjectDaoJdbcImpl"/>
    </bean>

    <bean id="studentAnswerJdbcDaoImpl" class="com.epam.brest.project.dao.StudentAnswerJdbcDaoImpl">
        <constructor-arg ref="namedParameterJdbcTemplate"/>
    </bean>

    <bean id="teacherServiceImpl" class="com.epam.brest.project.service.TeacherServiceImpl">
        <constructor-arg ref="teacherJdbcDaoImpl"/>
    </bean>

    <bean id="studentAnswerService" class="com.epam.brest.project.service.StudentAnswerServiceImpl">
        <constructor-arg ref="studentAnswerJdbcDaoImpl"/>
    </bean>

</beans>